2021-10-06 14:49:36,882 - INFO - password_generator : Password generator
2021-10-06 14:49:36,882 - INFO - password_generator : Loading configuration from file
2021-10-06 14:49:36,883 - INFO - password_generator : DONE
2021-10-06 14:49:36,886 - INFO - password_generator : Connecting to MySQL DB
2021-10-06 14:49:36,887 - INFO - password_generator : Connected to MySQL database. MySQL Server version on 5.5.5-10.3.31-MariaDB-0ubuntu0.20.04.1
2021-10-06 14:51:15,072 - INFO - password_generator : Password generator
2021-10-06 14:51:15,072 - INFO - password_generator : Loading configuration from file
2021-10-06 14:51:15,073 - INFO - password_generator : DONE
2021-10-06 14:51:15,076 - INFO - password_generator : Connecting to MySQL DB
2021-10-06 14:51:15,076 - INFO - password_generator : Connected to MySQL database. MySQL Server version on 5.5.5-10.3.31-MariaDB-0ubuntu0.20.04.1
2021-10-06 14:53:55,459 - INFO - password_generator : Password generator
2021-10-06 14:53:55,459 - INFO - password_generator : Loading configuration from file
2021-10-06 14:53:55,459 - INFO - password_generator : DONE
2021-10-06 14:53:55,463 - INFO - password_generator : Connecting to MySQL DB
2021-10-06 14:53:55,463 - INFO - password_generator : Connected to MySQL database. MySQL Server version on 5.5.5-10.3.31-MariaDB-0ubuntu0.20.04.1
2021-10-06 14:54:26,832 - INFO - password_generator : Password generator
2021-10-06 14:54:26,832 - INFO - password_generator : Loading configuration from file
2021-10-06 14:54:26,833 - INFO - password_generator : DONE
2021-10-06 14:54:26,836 - INFO - password_generator : Connecting to MySQL DB
2021-10-06 14:54:26,837 - INFO - password_generator : Connected to MySQL database. MySQL Server version on 5.5.5-10.3.31-MariaDB-0ubuntu0.20.04.1
2021-10-06 15:12:34,228 - INFO - migrate_db : Password DB
2021-10-06 15:12:34,228 - INFO - migrate_db : Loading configuration from file
2021-10-06 15:12:34,228 - INFO - migrate_db : DONE
2021-10-06 15:12:34,232 - INFO - migrate_db : Connecting to MySQL DB
2021-10-06 15:12:34,232 - INFO - migrate_db : Connected to MySQL database. MySQL Server version on 5.5.5-10.3.31-MariaDB-0ubuntu0.20.04.1
2021-10-06 15:12:34,233 - INFO - migrate_db : Migrations table exists
2021-10-06 15:12:34,234 - INFO - migrate_db : Used_passwords table already exists
2021-10-06 15:12:34,234 - INFO - migrate_db : No migrations to execute
